<?xml version="1.0" encoding="UTF-8"?>
<!-- Generated by org.testng.reporters.JUnitXMLReporter -->
<testsuite hostname="CIT-DT-025" name=" ChromeTest" tests="3" failures="0" timestamp="17 Aug 2017 05:55:03 GMT" time="76.47" errors="0">
  <testcase name="CreateNewPostscriptExecution" time="20.168" classname="com.CrossoverTechTrial.Businessscripts.CrossoverTechCreateNewPostTestcases"/>
  <testcase name="EditPostscriptExecution" time="27.994" classname="com.CrossoverTechTrial.Businessscripts.CrossoverTechEditPostTestcases"/>
  <testcase name="DeletePostscriptExecution" time="14.899" classname="com.CrossoverTechTrial.Businessscripts.CrossoverTechDeleteTestcases"/>
</testsuite> <!--  ChromeTest -->
