<?xml version="1.0" encoding="UTF-8"?>
<!-- Generated by org.testng.reporters.JUnitXMLReporter -->
<testsuite hostname="CIT-DT-025" name="Test" tests="3" failures="0" timestamp="21 Aug 2017 11:56:58 GMT" time="76.827" errors="0">
  <testcase name="CreateNewPostscriptExecution" time="20.371" classname="com.CrossoverTechTrial.Businessscripts.CrossoverTechCreateNewPostTestcases"/>
  <testcase name="EditPostscriptExecution" time="28.246" classname="com.CrossoverTechTrial.Businessscripts.CrossoverTechEditPostTestcases"/>
  <testcase name="DeletePostscriptExecution" time="15.005" classname="com.CrossoverTechTrial.Businessscripts.CrossoverTechDeleteTestcases"/>
</testsuite> <!-- Test -->
