<?xml version="1.0" encoding="UTF-8"?>
<testng-results skipped="0" failed="0" total="1" passed="1">
  <reporter-output>
    <line>
      <![CDATA[Url Entered]]>
    </line>
    <line>
      <![CDATA[Email entered]]>
    </line>
    <line>
      <![CDATA[Password entered]]>
    </line>
    <line>
      <![CDATA[Clicked on SignIn Button]]>
    </line>
    <line>
      <![CDATA[Clicked on Post]]>
    </line>
    <line>
      <![CDATA[Enter post title]]>
    </line>
    <line>
      <![CDATA[Post Description given]]>
    </line>
    <line>
      <![CDATA[ Image Added to post]]>
    </line>
    <line>
      <![CDATA[Settings Menu Dropdown clicked]]>
    </line>
    <line>
      <![CDATA[Click on Publish]]>
    </line>
    <line>
      <![CDATA[Click on Publish Now]]>
    </line>
    <line>
      <![CDATA[Click on Content Tab]]>
    </line>
    <line>
      <![CDATA[Verify post]]>
    </line>
  </reporter-output>
  <suite name="Default suite" duration-ms="33557" started-at="2017-08-22T07:52:08Z" finished-at="2017-08-22T07:52:41Z">
    <groups>
    </groups>
    <test name="Default test" duration-ms="33557" started-at="2017-08-22T07:52:08Z" finished-at="2017-08-22T07:52:41Z">
      <class name="com.CrossoverTechTrial.Businessscripts.CrossoverTechCreateNewPostTestcases">
        <test-method status="PASS" signature="setup(java.lang.String)[pri:0, instance:com.CrossoverTechTrial.Businessscripts.CrossoverTechCreateNewPostTestcases@61832929]" name="setup" is-config="true" duration-ms="13126" started-at="2017-08-22T13:22:08Z" finished-at="2017-08-22T13:22:21Z">
          <params>
            <param index="0">
              <value>
                <![CDATA[chrome]]>
              </value>
            </param>
          </params>
          <reporter-output>
            <line>
              <![CDATA[Url Entered]]>
            </line>
            <line>
              <![CDATA[Email entered]]>
            </line>
            <line>
              <![CDATA[Password entered]]>
            </line>
            <line>
              <![CDATA[Clicked on SignIn Button]]>
            </line>
          </reporter-output>
        </test-method> <!-- setup -->
        <test-method status="PASS" signature="CreateNewPostscriptExecution()[pri:0, instance:com.CrossoverTechTrial.Businessscripts.CrossoverTechCreateNewPostTestcases@61832929]" name="CreateNewPostscriptExecution" duration-ms="20395" started-at="2017-08-22T13:22:21Z" finished-at="2017-08-22T13:22:41Z">
          <reporter-output>
            <line>
              <![CDATA[Clicked on Post]]>
            </line>
            <line>
              <![CDATA[Enter post title]]>
            </line>
            <line>
              <![CDATA[Post Description given]]>
            </line>
            <line>
              <![CDATA[ Image Added to post]]>
            </line>
            <line>
              <![CDATA[Settings Menu Dropdown clicked]]>
            </line>
            <line>
              <![CDATA[Click on Publish]]>
            </line>
            <line>
              <![CDATA[Click on Publish Now]]>
            </line>
            <line>
              <![CDATA[Click on Content Tab]]>
            </line>
            <line>
              <![CDATA[Verify post]]>
            </line>
          </reporter-output>
        </test-method> <!-- CreateNewPostscriptExecution -->
      </class> <!-- com.CrossoverTechTrial.Businessscripts.CrossoverTechCreateNewPostTestcases -->
    </test> <!-- Default test -->
  </suite> <!-- Default suite -->
</testng-results>
