<?xml version="1.0" encoding="UTF-8"?>
<!-- Generated by org.testng.reporters.JUnitXMLReporter -->
<testsuite hostname="cit-dt-023" name="Test" tests="3" failures="0" timestamp="24 Aug 2017 14:14:45 GMT" time="77.825" errors="0">
  <testcase name="CreateNewPostscriptExecution" time="21.573" classname="com.CrossoverTechTrial.Businessscripts.CrossoverTechCreateNewPostTestcases"/>
  <testcase name="EditPostscriptExecution" time="26.668" classname="com.CrossoverTechTrial.Businessscripts.CrossoverTechEditPostTestcases"/>
  <testcase name="DeletePostscriptExecution" time="15.222" classname="com.CrossoverTechTrial.Businessscripts.CrossoverTechDeleteTestcases"/>
</testsuite> <!-- Test -->
