<?xml version="1.0" encoding="UTF-8"?>
<!-- Generated by org.testng.reporters.JUnitXMLReporter -->
<testsuite hostname="cit-dt-030" name=" ChromeTest" tests="3" failures="2" timestamp="11 Aug 2017 06:32:41 GMT" time="54.098" errors="0">
  <testcase name="CreateNewPostscriptExecution" time="35.784" classname="com.CrossoverTechTrial.Businessscripts.CrossoverTechCreateNewPostTestcases"/>
  <testcase name="EditPostscriptExecution" time="2.001" classname="com.CrossoverTechTrial.Businessscripts.CrossoverTechEditPostTestcases">
    <failure type="java.lang.NullPointerException">
      <![CDATA[java.lang.NullPointerException
	at com.CrossoverTechTrial.PageObjects.CrossoverTechTrialContentPage.ContentTab(CrossoverTechTrialContentPage.java:21)
	at com.CrossoverTechTrial.Businessscripts.CrossoverTechEditPostTestcases.EditPostscriptExecution(CrossoverTechEditPostTestcases.java:21)
	at java.util.concurrent.FutureTask.run(Unknown Source)
	at java.util.concurrent.ThreadPoolExecutor.runWorker(Unknown Source)
	at java.util.concurrent.ThreadPoolExecutor$Worker.run(Unknown Source)
	at java.lang.Thread.run(Unknown Source)
... Removed 16 stack frames]]>
    </failure>
  </testcase> <!-- EditPostscriptExecution -->
  <testcase name="DeletePostscriptExecution" time="2.003" classname="com.CrossoverTechTrial.Businessscripts.CrossoverTechDeleteTestcases">
    <failure type="java.lang.NullPointerException">
      <![CDATA[java.lang.NullPointerException
	at com.CrossoverTechTrial.PageObjects.CrossoverTechTrialContentPage.ContentTab(CrossoverTechTrialContentPage.java:21)
	at com.CrossoverTechTrial.Businessscripts.CrossoverTechDeleteTestcases.DeletePostscriptExecution(CrossoverTechDeleteTestcases.java:17)
	at java.util.concurrent.FutureTask.run(Unknown Source)
	at java.util.concurrent.ThreadPoolExecutor.runWorker(Unknown Source)
	at java.util.concurrent.ThreadPoolExecutor$Worker.run(Unknown Source)
	at java.lang.Thread.run(Unknown Source)
... Removed 16 stack frames]]>
    </failure>
  </testcase> <!-- DeletePostscriptExecution -->
</testsuite> <!--  ChromeTest -->
