<?xml version="1.0" encoding="UTF-8"?>
<!-- Generated by org.testng.reporters.JUnitXMLReporter -->
<testsuite hostname="CIT-DT-025" name="FirefoxTest" tests="3" failures="0" timestamp="17 Aug 2017 05:56:25 GMT" time="82.246" errors="0">
  <testcase name="CreateNewPostscriptExecution" time="21.201" classname="com.CrossoverTechTrial.Businessscripts.CrossoverTechCreateNewPostTestcases"/>
  <testcase name="EditPostscriptExecution" time="29.041" classname="com.CrossoverTechTrial.Businessscripts.CrossoverTechEditPostTestcases"/>
  <testcase name="DeletePostscriptExecution" time="15.82" classname="com.CrossoverTechTrial.Businessscripts.CrossoverTechDeleteTestcases"/>
</testsuite> <!-- FirefoxTest -->
