<?xml version="1.0" encoding="UTF-8"?>
<!-- Generated by org.testng.reporters.JUnitXMLReporter -->
<testsuite hostname="CIT-DT-025" name="Test" tests="3" failures="0" timestamp="22 Aug 2017 08:17:16 GMT" time="74.264" errors="0">
  <testcase name="CreateNewPostscriptExecution" time="20.413" classname="com.CrossoverTechTrial.Businessscripts.CrossoverTechCreateNewPostTestcases"/>
  <testcase name="EditPostscriptExecution" time="25.854" classname="com.CrossoverTechTrial.Businessscripts.CrossoverTechEditPostTestcases"/>
  <testcase name="DeletePostscriptExecution" time="14.886" classname="com.CrossoverTechTrial.Businessscripts.CrossoverTechDeleteTestcases"/>
</testsuite> <!-- Test -->
